<?xml version="1.0" encoding="UTF-8"?>
<!-- Generated by org.testng.reporters.JUnitReportReporter -->
<testsuite skipped="0" hostname="DESKTOP-LB2MBC3" name="com.saucelab.Level_20_Sort_ASC_DESC" tests="4" failures="0" timestamp="13 Jan 2021 03:46:43 GMT" time="21.422" errors="0">
  <testcase name="TC_03_Account_Information" time="0.002" classname="com.saucelab.Level_20_Sort_ASC_DESC"/>
  <testcase name="TC_11_Search_Product" time="0.002" classname="com.saucelab.Level_20_Sort_ASC_DESC"/>
  <testcase name="TC_01_Sort_Product_Name" time="10.759" classname="com.saucelab.Level_20_Sort_ASC_DESC"/>
  <testcase name="TC_02_Sort_Product_Price" time="10.659" classname="com.saucelab.Level_20_Sort_ASC_DESC"/>
</testsuite> <!-- com.saucelab.Level_20_Sort_ASC_DESC -->
