<?xml version="1.0" encoding="UTF-8"?>
<!-- Generated by org.testng.reporters.JUnitReportReporter -->
<testsuite skipped="2" hostname="PhuongMinh" name="com.liveguru.user.Level_21_Upgrade_Environment" tests="3" failures="0" timestamp="08 thg 3 2021 09:16:13 GMT" time="0.056" errors="1">
  <testcase name="TC_02_Login_To_System" time="0.000" classname="com.liveguru.user.Level_21_Upgrade_Environment">
    <skipped/>
  </testcase> <!-- TC_02_Login_To_System -->
  <testcase name="TC_03_Account_Information" time="0.000" classname="com.liveguru.user.Level_21_Upgrade_Environment">
    <skipped/>
  </testcase> <!-- TC_03_Account_Information -->
  <testcase name="beforeClass" time="0.056" classname="com.liveguru.user.Level_21_Upgrade_Environment">
    <error type="java.lang.NullPointerException">
      <![CDATA[java.lang.NullPointerException
at java.util.Hashtable.put(Hashtable.java:460)
at java.util.Properties.setProperty(Properties.java:166)
at org.aeonbits.owner.DefaultFactory.setProperty(DefaultFactory.java:54)
at org.aeonbits.owner.ConfigFactory.setProperty(ConfigFactory.java:86)
at com.liveguru.user.Level_21_Upgrade_Environment.beforeClass(Level_21_Upgrade_Environment.java:37)
at sun.reflect.NativeMethodAccessorImpl.invoke0(Native Method)
at sun.reflect.NativeMethodAccessorImpl.invoke(NativeMethodAccessorImpl.java:62)
at sun.reflect.DelegatingMethodAccessorImpl.invoke(DelegatingMethodAccessorImpl.java:43)
at java.lang.reflect.Method.invoke(Method.java:498)
at org.testng.internal.MethodInvocationHelper.invokeMethod(MethodInvocationHelper.java:124)
at org.testng.internal.MethodInvocationHelper.invokeMethodConsideringTimeout(MethodInvocationHelper.java:59)
at org.testng.internal.Invoker.invokeConfigurationMethod(Invoker.java:458)
at org.testng.internal.Invoker.invokeConfigurations(Invoker.java:222)
at org.testng.internal.Invoker.invokeConfigurations(Invoker.java:142)
at org.testng.internal.TestMethodWorker.invokeBeforeClassMethods(TestMethodWorker.java:168)
at org.testng.internal.TestMethodWorker.run(TestMethodWorker.java:105)
at org.testng.TestRunner.privateRun(TestRunner.java:648)
at org.testng.TestRunner.run(TestRunner.java:505)
at org.testng.SuiteRunner.runTest(SuiteRunner.java:455)
at org.testng.SuiteRunner.runSequentially(SuiteRunner.java:450)
at org.testng.SuiteRunner.privateRun(SuiteRunner.java:415)
at org.testng.SuiteRunner.run(SuiteRunner.java:364)
at org.testng.SuiteRunnerWorker.runSuite(SuiteRunnerWorker.java:52)
at org.testng.SuiteRunnerWorker.run(SuiteRunnerWorker.java:84)
at org.testng.TestNG.runSuitesSequentially(TestNG.java:1208)
at org.testng.TestNG.runSuitesLocally(TestNG.java:1137)
at org.testng.TestNG.runSuites(TestNG.java:1049)
at org.testng.TestNG.run(TestNG.java:1017)
at org.testng.remote.AbstractRemoteTestNG.run(AbstractRemoteTestNG.java:115)
at org.testng.remote.RemoteTestNG.initAndRun(RemoteTestNG.java:251)
at org.testng.remote.RemoteTestNG.main(RemoteTestNG.java:77)
]]>
    </error>
  </testcase> <!-- beforeClass -->
</testsuite> <!-- com.liveguru.user.Level_21_Upgrade_Environment -->
